{"C:\\Users\\Joel\\Desktop\\event-api\\src\\controllers\\event-controller.ts": {"path":"C:\\Users\\Joel\\Desktop\\event-api\\src\\controllers\\event-controller.ts","statementMap":{"0":{"start":{"line":2,"column":0},"end":{"line":2,"column":46}},"1":{"start":{"line":10,"column":39},"end":{"line":10,"column":47}},"2":{"start":{"line":11,"column":19},"end":{"line":11,"column":29}},"3":{"start":{"line":13,"column":4},"end":{"line":32,"column":null}},"4":{"start":{"line":14,"column":25},"end":{"line":18,"column":10}},"5":{"start":{"line":20,"column":8},"end":{"line":20,"column":30}},"6":{"start":{"line":22,"column":36},"end":{"line":27,"column":10}},"7":{"start":{"line":29,"column":8},"end":{"line":29,"column":28}},"8":{"start":{"line":31,"column":8},"end":{"line":31,"column":20}},"9":{"start":{"line":6,"column":0},"end":{"line":6,"column":22}},"10":{"start":{"line":39,"column":4},"end":{"line":51,"column":null}},"11":{"start":{"line":40,"column":23},"end":{"line":40,"column":33}},"12":{"start":{"line":41,"column":23},"end":{"line":41,"column":56}},"13":{"start":{"line":42,"column":41},"end":{"line":47,"column":11}},"14":{"start":{"line":42,"column":64},"end":{"line":47,"column":10}},"15":{"start":{"line":48,"column":8},"end":{"line":48,"column":31}},"16":{"start":{"line":50,"column":8},"end":{"line":50,"column":20}},"17":{"start":{"line":35,"column":0},"end":{"line":35,"column":22}},"18":{"start":{"line":58,"column":19},"end":{"line":58,"column":29}},"19":{"start":{"line":59,"column":30},"end":{"line":59,"column":50}},"20":{"start":{"line":61,"column":4},"end":{"line":76,"column":null}},"21":{"start":{"line":62,"column":30},"end":{"line":65,"column":10}},"22":{"start":{"line":67,"column":8},"end":{"line":73,"column":null}},"23":{"start":{"line":68,"column":12},"end":{"line":70,"column":14}},"24":{"start":{"line":72,"column":12},"end":{"line":72,"column":76}},"25":{"start":{"line":75,"column":8},"end":{"line":75,"column":20}},"26":{"start":{"line":54,"column":0},"end":{"line":54,"column":22}},"27":{"start":{"line":83,"column":19},"end":{"line":83,"column":29}},"28":{"start":{"line":84,"column":20},"end":{"line":84,"column":38}},"29":{"start":{"line":86,"column":4},"end":{"line":92,"column":null}},"30":{"start":{"line":87,"column":22},"end":{"line":87,"column":72}},"31":{"start":{"line":89,"column":8},"end":{"line":89,"column":21}},"32":{"start":{"line":91,"column":8},"end":{"line":91,"column":20}},"33":{"start":{"line":79,"column":0},"end":{"line":79,"column":22}},"34":{"start":{"line":99,"column":19},"end":{"line":99,"column":29}},"35":{"start":{"line":100,"column":20},"end":{"line":100,"column":38}},"36":{"start":{"line":102,"column":4},"end":{"line":119,"column":null}},"37":{"start":{"line":103,"column":29},"end":{"line":106,"column":10}},"38":{"start":{"line":108,"column":8},"end":{"line":112,"column":null}},"39":{"start":{"line":109,"column":12},"end":{"line":111,"column":14}},"40":{"start":{"line":114,"column":8},"end":{"line":116,"column":10}},"41":{"start":{"line":118,"column":8},"end":{"line":118,"column":20}},"42":{"start":{"line":95,"column":0},"end":{"line":95,"column":22}}},"fnMap":{"0":{"name":"createEvent","decl":{"start":{"line":6,"column":22},"end":{"line":6,"column":33}},"loc":{"start":{"line":8,"column":17},"end":{"line":33,"column":null}}},"1":{"name":"getEvents","decl":{"start":{"line":35,"column":22},"end":{"line":35,"column":31}},"loc":{"start":{"line":37,"column":17},"end":{"line":52,"column":null}}},"2":{"name":"(anonymous_11)","decl":{"start":{"line":42,"column":52},"end":{"line":42,"column":53}},"loc":{"start":{"line":42,"column":64},"end":{"line":47,"column":10}}},"3":{"name":"deleteEventsByDay","decl":{"start":{"line":54,"column":22},"end":{"line":54,"column":39}},"loc":{"start":{"line":56,"column":17},"end":{"line":77,"column":null}}},"4":{"name":"getEventById","decl":{"start":{"line":79,"column":22},"end":{"line":79,"column":34}},"loc":{"start":{"line":81,"column":17},"end":{"line":93,"column":null}}},"5":{"name":"deleteEventById","decl":{"start":{"line":95,"column":22},"end":{"line":95,"column":37}},"loc":{"start":{"line":97,"column":17},"end":{"line":120,"column":null}}}},"branchMap":{"0":{"loc":{"start":{"line":67,"column":8},"end":{"line":73,"column":null}},"type":"if","locations":[{"start":{"line":67,"column":8},"end":{"line":73,"column":null}},{"start":{"line":71,"column":15},"end":{"line":73,"column":null}}]},"1":{"loc":{"start":{"line":108,"column":8},"end":{"line":112,"column":null}},"type":"if","locations":[{"start":{"line":108,"column":8},"end":{"line":112,"column":null}}]}},"s":{"0":1,"1":2,"2":2,"3":2,"4":2,"5":2,"6":1,"7":1,"8":1,"9":1,"10":2,"11":2,"12":2,"13":1,"14":2,"15":1,"16":1,"17":1,"18":0,"19":0,"20":0,"21":0,"22":0,"23":0,"24":0,"25":0,"26":1,"27":0,"28":0,"29":0,"30":0,"31":0,"32":0,"33":1,"34":0,"35":0,"36":0,"37":0,"38":0,"39":0,"40":0,"41":0,"42":1},"f":{"0":2,"1":2,"2":2,"3":0,"4":0,"5":0},"b":{"0":[0,0],"1":[0]}}
,"C:\\Users\\Joel\\Desktop\\event-api\\src\\controllers\\user-controller.ts": {"path":"C:\\Users\\Joel\\Desktop\\event-api\\src\\controllers\\user-controller.ts","statementMap":{"0":{"start":{"line":1,"column":0},"end":{"line":1,"column":36}},"1":{"start":{"line":2,"column":0},"end":{"line":2,"column":40}},"2":{"start":{"line":6,"column":4},"end":{"line":21,"column":null}},"3":{"start":{"line":7,"column":29},"end":{"line":9,"column":10}},"4":{"start":{"line":10,"column":8},"end":{"line":12,"column":null}},"5":{"start":{"line":11,"column":12},"end":{"line":11,"column":74}},"6":{"start":{"line":14,"column":24},"end":{"line":14,"column":49}},"7":{"start":{"line":16,"column":8},"end":{"line":16,"column":29}},"8":{"start":{"line":18,"column":8},"end":{"line":18,"column":23}},"9":{"start":{"line":20,"column":8},"end":{"line":20,"column":20}},"10":{"start":{"line":46,"column":9},"end":{"line":46,"column":19}},"11":{"start":{"line":25,"column":4},"end":{"line":43,"column":null}},"12":{"start":{"line":26,"column":36},"end":{"line":26,"column":46}},"13":{"start":{"line":28,"column":21},"end":{"line":28,"column":55}},"14":{"start":{"line":30,"column":8},"end":{"line":32,"column":null}},"15":{"start":{"line":31,"column":12},"end":{"line":31,"column":66}},"16":{"start":{"line":34,"column":32},"end":{"line":34,"column":68}},"17":{"start":{"line":36,"column":8},"end":{"line":38,"column":null}},"18":{"start":{"line":37,"column":12},"end":{"line":37,"column":72}},"19":{"start":{"line":40,"column":8},"end":{"line":40,"column":20}},"20":{"start":{"line":42,"column":8},"end":{"line":42,"column":20}},"21":{"start":{"line":46,"column":21},"end":{"line":46,"column":31}}},"fnMap":{"0":{"name":"signUpUser","decl":{"start":{"line":5,"column":15},"end":{"line":5,"column":25}},"loc":{"start":{"line":5,"column":48},"end":{"line":22,"column":null}}},"1":{"name":"signInUser","decl":{"start":{"line":24,"column":15},"end":{"line":24,"column":25}},"loc":{"start":{"line":24,"column":48},"end":{"line":44,"column":null}}}},"branchMap":{"0":{"loc":{"start":{"line":10,"column":8},"end":{"line":12,"column":null}},"type":"if","locations":[{"start":{"line":10,"column":8},"end":{"line":12,"column":null}}]},"1":{"loc":{"start":{"line":30,"column":8},"end":{"line":32,"column":null}},"type":"if","locations":[{"start":{"line":30,"column":8},"end":{"line":32,"column":null}}]},"2":{"loc":{"start":{"line":36,"column":8},"end":{"line":38,"column":null}},"type":"if","locations":[{"start":{"line":36,"column":8},"end":{"line":38,"column":null}}]}},"s":{"0":1,"1":1,"2":3,"3":3,"4":2,"5":1,"6":1,"7":1,"8":1,"9":2,"10":1,"11":4,"12":4,"13":4,"14":3,"15":1,"16":2,"17":2,"18":1,"19":1,"20":3,"21":1},"f":{"0":3,"1":4},"b":{"0":[1],"1":[1],"2":[1]}}
,"C:\\Users\\Joel\\Desktop\\event-api\\src\\errors\\bad-request.ts": {"path":"C:\\Users\\Joel\\Desktop\\event-api\\src\\errors\\bad-request.ts","statementMap":{"0":{"start":{"line":1,"column":0},"end":{"line":1,"column":48}},"1":{"start":{"line":2,"column":0},"end":{"line":2,"column":42}},"2":{"start":{"line":8,"column":8},"end":{"line":8,"column":23}},"3":{"start":{"line":9,"column":8},"end":{"line":9,"column":50}},"4":{"start":{"line":13,"column":0},"end":{"line":13,"column":31}}},"fnMap":{"0":{"name":"(anonymous_1)","decl":{"start":{"line":7,"column":4},"end":{"line":7,"column":16}},"loc":{"start":{"line":7,"column":31},"end":{"line":10,"column":5}}}},"branchMap":{},"s":{"0":1,"1":1,"2":1,"3":1,"4":1},"f":{"0":1},"b":{}}
,"C:\\Users\\Joel\\Desktop\\event-api\\src\\errors\\custom-api.ts": {"path":"C:\\Users\\Joel\\Desktop\\event-api\\src\\errors\\custom-api.ts","statementMap":{"0":{"start":{"line":3,"column":8},"end":{"line":3,"column":23}},"1":{"start":{"line":7,"column":0},"end":{"line":7,"column":30}}},"fnMap":{"0":{"name":"(anonymous_0)","decl":{"start":{"line":2,"column":4},"end":{"line":2,"column":16}},"loc":{"start":{"line":2,"column":31},"end":{"line":4,"column":5}}}},"branchMap":{},"s":{"0":3,"1":1},"f":{"0":3},"b":{}}
,"C:\\Users\\Joel\\Desktop\\event-api\\src\\errors\\index.ts": {"path":"C:\\Users\\Joel\\Desktop\\event-api\\src\\errors\\index.ts","statementMap":{"0":{"start":{"line":1,"column":0},"end":{"line":1,"column":42}},"1":{"start":{"line":2,"column":0},"end":{"line":2,"column":40}},"2":{"start":{"line":3,"column":0},"end":{"line":3,"column":44}},"3":{"start":{"line":4,"column":0},"end":{"line":4,"column":47}},"4":{"start":{"line":6,"column":0},"end":{"line":11,"column":2}}},"fnMap":{},"branchMap":{},"s":{"0":1,"1":1,"2":1,"3":1,"4":1},"f":{},"b":{}}
,"C:\\Users\\Joel\\Desktop\\event-api\\src\\errors\\not-found.ts": {"path":"C:\\Users\\Joel\\Desktop\\event-api\\src\\errors\\not-found.ts","statementMap":{"0":{"start":{"line":1,"column":0},"end":{"line":1,"column":48}},"1":{"start":{"line":2,"column":0},"end":{"line":2,"column":42}},"2":{"start":{"line":8,"column":8},"end":{"line":8,"column":23}},"3":{"start":{"line":9,"column":8},"end":{"line":9,"column":48}},"4":{"start":{"line":13,"column":0},"end":{"line":13,"column":29}}},"fnMap":{"0":{"name":"(anonymous_1)","decl":{"start":{"line":7,"column":4},"end":{"line":7,"column":16}},"loc":{"start":{"line":7,"column":31},"end":{"line":10,"column":5}}}},"branchMap":{},"s":{"0":1,"1":1,"2":1,"3":1,"4":1},"f":{"0":1},"b":{}}
,"C:\\Users\\Joel\\Desktop\\event-api\\src\\errors\\unauthorized.ts": {"path":"C:\\Users\\Joel\\Desktop\\event-api\\src\\errors\\unauthorized.ts","statementMap":{"0":{"start":{"line":1,"column":0},"end":{"line":1,"column":48}},"1":{"start":{"line":2,"column":0},"end":{"line":2,"column":42}},"2":{"start":{"line":8,"column":8},"end":{"line":8,"column":23}},"3":{"start":{"line":9,"column":8},"end":{"line":9,"column":48}},"4":{"start":{"line":13,"column":0},"end":{"line":13,"column":33}}},"fnMap":{"0":{"name":"(anonymous_1)","decl":{"start":{"line":7,"column":4},"end":{"line":7,"column":16}},"loc":{"start":{"line":7,"column":31},"end":{"line":10,"column":5}}}},"branchMap":{},"s":{"0":1,"1":1,"2":1,"3":1,"4":1},"f":{"0":1},"b":{}}
,"C:\\Users\\Joel\\Desktop\\event-api\\src\\models\\events.ts": {"path":"C:\\Users\\Joel\\Desktop\\event-api\\src\\models\\events.ts","statementMap":{"0":{"start":{"line":1,"column":0},"end":{"line":1,"column":51}},"1":{"start":{"line":4,"column":44},"end":{"line":19,"column":null}},"2":{"start":{"line":24,"column":13},"end":{"line":27,"column":24}}},"fnMap":{},"branchMap":{},"s":{"0":1,"1":1,"2":1},"f":{},"b":{}}
,"C:\\Users\\Joel\\Desktop\\event-api\\src\\models\\users.ts": {"path":"C:\\Users\\Joel\\Desktop\\event-api\\src\\models\\users.ts","statementMap":{"0":{"start":{"line":1,"column":0},"end":{"line":1,"column":61}},"1":{"start":{"line":2,"column":0},"end":{"line":2,"column":30}},"2":{"start":{"line":3,"column":0},"end":{"line":3,"column":34}},"3":{"start":{"line":6,"column":25},"end":{"line":8,"column":1}},"4":{"start":{"line":7,"column":4},"end":{"line":7,"column":36}},"5":{"start":{"line":10,"column":42},"end":{"line":51,"column":null}},"6":{"start":{"line":54,"column":0},"end":{"line":59,"column":3}},"7":{"start":{"line":55,"column":4},"end":{"line":55,"column":52}},"8":{"start":{"line":55,"column":38},"end":{"line":55,"column":52}},"9":{"start":{"line":56,"column":17},"end":{"line":56,"column":41}},"10":{"start":{"line":57,"column":4},"end":{"line":57,"column":59}},"11":{"start":{"line":58,"column":4},"end":{"line":58,"column":11}},"12":{"start":{"line":61,"column":0},"end":{"line":66,"column":2}},"13":{"start":{"line":64,"column":20},"end":{"line":64,"column":74}},"14":{"start":{"line":65,"column":4},"end":{"line":65,"column":19}},"15":{"start":{"line":68,"column":40},"end":{"line":70,"column":null}},"16":{"start":{"line":73,"column":0},"end":{"line":73,"column":25}}},"fnMap":{"0":{"name":"(anonymous_14)","decl":{"start":{"line":6,"column":25},"end":{"line":6,"column":26}},"loc":{"start":{"line":6,"column":43},"end":{"line":8,"column":1}}},"1":{"name":"(anonymous_15)","decl":{"start":{"line":54,"column":38},"end":{"line":54,"column":54}},"loc":{"start":{"line":54,"column":58},"end":{"line":59,"column":2}}},"2":{"name":"(anonymous_17)","decl":{"start":{"line":61,"column":37},"end":{"line":61,"column":null}},"loc":{"start":{"line":62,"column":29},"end":{"line":66,"column":2}}}},"branchMap":{"0":{"loc":{"start":{"line":55,"column":4},"end":{"line":55,"column":52}},"type":"if","locations":[{"start":{"line":55,"column":4},"end":{"line":55,"column":52}}]}},"s":{"0":1,"1":1,"2":1,"3":1,"4":0,"5":1,"6":1,"7":0,"8":0,"9":0,"10":0,"11":0,"12":1,"13":0,"14":0,"15":1,"16":1},"f":{"0":0,"1":0,"2":0},"b":{"0":[0]}}
}
