TN:
SF:src\controllers\user-controller.ts
FN:5,signUpUser
FN:24,signInUser
FNF:2
FNH:2
FNDA:3,signUpUser
FNDA:4,signInUser
DA:1,1
DA:2,1
DA:6,3
DA:7,3
DA:10,2
DA:11,1
DA:14,1
DA:16,1
DA:18,1
DA:20,2
DA:25,4
DA:26,4
DA:28,4
DA:30,3
DA:31,1
DA:34,2
DA:36,2
DA:37,1
DA:40,1
DA:42,3
DA:46,1
LF:21
LH:21
BRDA:10,0,0,1
BRDA:30,1,0,1
BRDA:36,2,0,1
BRF:3
BRH:3
end_of_record
TN:
SF:src\errors\index.ts
FNF:0
FNH:0
DA:1,1
DA:2,1
DA:3,1
DA:4,1
DA:6,1
LF:5
LH:5
BRF:0
BRH:0
end_of_record
TN:
SF:src\models\users.ts
FN:6,(anonymous_14)
FN:54,(anonymous_15)
FN:61,(anonymous_17)
FNF:3
FNH:0
FNDA:0,(anonymous_14)
FNDA:0,(anonymous_15)
FNDA:0,(anonymous_17)
DA:1,1
DA:2,1
DA:3,1
DA:6,1
DA:7,0
DA:10,1
DA:54,1
DA:55,0
DA:56,0
DA:57,0
DA:58,0
DA:61,1
DA:64,0
DA:65,0
DA:68,1
DA:73,1
LF:16
LH:9
BRDA:55,0,0,0
BRF:1
BRH:0
end_of_record
